<?xml version="1.0" encoding="UTF-8"?>
<!-- Generated by org.testng.reporters.JUnitReportReporter -->
<testsuite hostname="DESKTOP-L8RV5BP" failures="0" tests="1" name="test.PlaystoreTest.PlayStoreTestCase" time="43.241" errors="0" timestamp="2022-06-03T10:28:29 IST" skipped="0">
  <testcase classname="test.PlaystoreTest.PlayStoreTestCase" name="openPlaystore" time="43.241"/>
  <system-out>
    <![CDATA[Set capabilities
open Playstore
search Bajaj Health App
Click on app
Click on what's new
Scroll till vserion]]>
  </system-out>
</testsuite> <!-- test.PlaystoreTest.PlayStoreTestCase -->
