<?xml version="1.0" encoding="UTF-8"?>
<!-- Generated by org.testng.reporters.JUnitReportReporter -->
<testsuite hostname="DESKTOP-L8RV5BP" failures="0" tests="1" name="appiumtest.CalculatorProject" time="51.425" errors="0" timestamp="2022-05-31T10:59:12 IST" skipped="0">
  <testcase classname="appiumtest.CalculatorProject" name="openCalculator" time="51.425"/>
  <system-out/>
</testsuite> <!-- appiumtest.CalculatorProject -->
