<?xml version="1.0" encoding="UTF-8"?>
<!-- Generated by org.testng.reporters.JUnitReportReporter -->
<testsuite hostname="DESKTOP-L8RV5BP" failures="0" tests="1" name="gallerytestcase.gallerytestcase" time="25.476" errors="0" timestamp="2022-05-31T10:50:36 IST" skipped="0">
  <testcase classname="gallerytestcase.gallerytestcase" name="openGallery" time="25.476"/>
  <system-out/>
</testsuite> <!-- gallerytestcase.gallerytestcase -->
