<?xml version="1.0" encoding="UTF-8"?>
<!-- Generated by org.testng.reporters.JUnitReportReporter -->
<testsuite hostname="DESKTOP-L8RV5BP" failures="0" tests="1" name="test.CalcultorTest.CalculatorTestCase" time="34.038" errors="0" timestamp="2022-05-31T11:35:04 IST" skipped="0">
  <testcase classname="test.CalcultorTest.CalculatorTestCase" name="Calculator" time="34.038"/>
  <system-out>
    <![CDATA[Open Calculator
Perform Sum 1+2+3
Sum Result =6
perform subtraction 2-1
Subtraction Result =1
Perform Multiplication 1*2*3 
Multiplication Result =6
close App]]>
  </system-out>
</testsuite> <!-- test.CalcultorTest.CalculatorTestCase -->
