<?xml version="1.0" encoding="UTF-8"?>
<!-- Generated by org.testng.reporters.JUnitReportReporter -->
<testsuite hostname="DESKTOP-L8RV5BP" failures="0" tests="1" name="test.gallerytestcase.GalleryTestcase" time="33.734" errors="0" timestamp="2022-05-31T11:39:33 IST" skipped="0">
  <testcase classname="test.gallerytestcase.GalleryTestcase" name="openGallery" time="33.734"/>
  <system-out>
    <![CDATA[Open Gallery
Close All popup msg
Scrolling down using touchaction
stop scrolling
using tap select photo with using coordinates
close app]]>
  </system-out>
</testsuite> <!-- test.gallerytestcase.GalleryTestcase -->
